{
  "stats": {
    "suites": 0,
    "tests": 1,
    "passes": 0,
    "pending": 0,
    "failures": 1,
    "start": "2024-09-01T17:40:39.374Z",
    "end": "2024-09-01T17:40:41.385Z",
    "duration": 2011,
    "testsRegistered": 1,
    "passPercent": 0,
    "pendingPercent": 0,
    "other": 0,
    "hasOther": false,
    "skipped": 0,
    "hasSkipped": false
  },
  "results": [
    {
      "uuid": "7f7a61e2-eccd-4e55-9276-3d80985b3cb9",
      "title": "",
      "fullFile": "cypress\\e2e\\tests\\addProduct.cy.js",
      "file": "cypress\\e2e\\tests\\addProduct.cy.js",
      "beforeHooks": [],
      "afterHooks": [],
      "tests": [
        {
          "title": "An uncaught error was detected outside of a test",
          "fullTitle": "An uncaught error was detected outside of a test",
          "timedOut": null,
          "duration": 278,
          "state": "failed",
          "speed": null,
          "pass": false,
          "fail": true,
          "pending": false,
          "context": "{\n  \"title\": \"cypress-mochawesome-reporter-screenshots\",\n  \"value\": [\n    [\n      \"\\\\addProduct.cy.js\\\\An uncaught error was detected outside of a test (failed).png\"\n    ],\n    [\n      \"\\\\addProduct.cy.js\\\\An uncaught error was detected outside of a test (failed) (attempt 2).png\"\n    ],\n    [\n      \"\\\\addProduct.cy.js\\\\An uncaught error was detected outside of a test (failed) (attempt 3).png\"\n    ]\n  ]\n}",
          "code": "throw err;",
          "err": {
            "message": "TypeError: The following error originated from your test code, not from Cypress.\n\n  > _addProductPage.addProjectPage is not a constructor\n\nWhen Cypress detects uncaught errors originating from your test code it will automatically fail the current test.\n\nCypress could not associate this error to any specific test.\n\nWe dynamically generated a new test to display this failure.",
            "estack": "TypeError: The following error originated from your test code, not from Cypress.\n\n  > _addProductPage.addProjectPage is not a constructor\n\nWhen Cypress detects uncaught errors originating from your test code it will automatically fail the current test.\n\nCypress could not associate this error to any specific test.\n\nWe dynamically generated a new test to display this failure.\n    at eval (webpack://project1/./cypress/e2e/tests/addProduct.cy.js:5:22)\n    at eval (http://localhost:55430/__cypress/tests?p=cypress\\e2e\\tests\\addProduct.cy.js:468:3)\n    at eval (http://localhost:55430/__cypress/tests?p=cypress\\e2e\\tests\\addProduct.cy.js:470:12)\n    at eval (<anonymous>)",
            "diff": null
          },
          "uuid": "199c7658-8cac-4866-a0b5-b7f87799da75",
          "parentUUID": "7f7a61e2-eccd-4e55-9276-3d80985b3cb9",
          "isHook": false,
          "skipped": false
        }
      ],
      "suites": [],
      "passes": [],
      "failures": [
        "199c7658-8cac-4866-a0b5-b7f87799da75"
      ],
      "pending": [],
      "skipped": [],
      "duration": 278,
      "root": true,
      "rootEmpty": false,
      "_timeout": 2000
    }
  ],
  "meta": {
    "mocha": {
      "version": "7.0.1"
    },
    "mochawesome": {
      "options": {
        "quiet": false,
        "reportFilename": "mochawesome",
        "saveHtml": false,
        "saveJson": true,
        "consoleReporter": "spec",
        "useInlineDiffs": false,
        "code": true
      },
      "version": "7.1.3"
    },
    "marge": {
      "options": {
        "overwrite": false,
        "html": false,
        "json": true,
        "reportDir": "cypress\\reports\\html\\.jsons"
      },
      "version": "6.2.0"
    }
  }
}